<?xml version="1.0" encoding="UTF-8"?>
<!-- Generated by org.testng.reporters.JUnitXMLReporter -->
<testsuite ignored="0" hostname="DESKTOP-OQP30TJ" failures="0" tests="4" name="Test" time="48.076" errors="0" timestamp="2023-06-08T13:10:51 IST">
  <testcase classname="TestCases.VerifyRegister" name="Register" time="14.414"/>
  <testcase classname="TestCases.VerifyLogin" name="validlogin" time="1.316"/>
  <testcase classname="TestCases.VerifyTabs" name="ValidateTabs" time="2.491"/>
  <testcase classname="TestCases.VerifyAddToCart" name="AddCart1" time="3.601"/>
</testsuite> <!-- Test -->
