<?xml version="1.0" encoding="UTF-8"?>
<testng-results ignored="0" total="2" passed="2" failed="0" skipped="0">
  <reporter-output>
  </reporter-output>
  <suite started-at="2023-05-26T09:10:28 IST" name="Suite" finished-at="2023-05-26T09:11:04 IST" duration-ms="36049">
    <groups>
    </groups>
    <test started-at="2023-05-26T09:10:28 IST" name="Test" finished-at="2023-05-26T09:11:04 IST" duration-ms="36049">
      <class name="TestCases.VerifyRegister">
        <test-method is-config="true" signature="launchbrowser()[pri:0, instance:TestCases.VerifyRegister@7722c3c3]" started-at="2023-05-26T09:10:28 IST" name="launchbrowser" finished-at="2023-05-26T09:10:35 IST" duration-ms="6735" status="PASS">
          <reporter-output>
          </reporter-output>
        </test-method> <!-- launchbrowser -->
        <test-method signature="Register()[pri:0, instance:TestCases.VerifyRegister@7722c3c3]" started-at="2023-05-26T09:10:35 IST" name="Register" finished-at="2023-05-26T09:10:52 IST" duration-ms="16979" status="PASS">
          <reporter-output>
          </reporter-output>
        </test-method> <!-- Register -->
        <test-method is-config="true" signature="quit()[pri:0, instance:TestCases.VerifyRegister@7722c3c3]" started-at="2023-05-26T09:10:52 IST" name="quit" finished-at="2023-05-26T09:10:52 IST" duration-ms="375" status="PASS">
          <reporter-output>
          </reporter-output>
        </test-method> <!-- quit -->
      </class> <!-- TestCases.VerifyRegister -->
      <class name="TestCases.VerifyLogin">
        <test-method is-config="true" signature="launchbrowser()[pri:0, instance:TestCases.VerifyLogin@1fa268de]" started-at="2023-05-26T09:10:52 IST" name="launchbrowser" finished-at="2023-05-26T09:11:02 IST" duration-ms="9373" status="PASS">
          <reporter-output>
          </reporter-output>
        </test-method> <!-- launchbrowser -->
        <test-method signature="validlogin()[pri:0, instance:TestCases.VerifyLogin@1fa268de]" started-at="2023-05-26T09:11:02 IST" name="validlogin" finished-at="2023-05-26T09:11:04 IST" duration-ms="2316" status="PASS">
          <reporter-output>
          </reporter-output>
        </test-method> <!-- validlogin -->
        <test-method is-config="true" signature="quit()[pri:0, instance:TestCases.VerifyLogin@1fa268de]" started-at="2023-05-26T09:11:04 IST" name="quit" finished-at="2023-05-26T09:11:04 IST" duration-ms="232" status="PASS">
          <reporter-output>
          </reporter-output>
        </test-method> <!-- quit -->
      </class> <!-- TestCases.VerifyLogin -->
    </test> <!-- Test -->
  </suite> <!-- Suite -->
</testng-results>
